# JRE version: OpenJDK Runtime Environment Microsoft-11926163 (17.0.16+8) (build 17.0.16+8-LTS)
# Java VM: OpenJDK 64-Bit Server VM Microsoft-11926163 (17.0.16+8-LTS, mixed mode, sharing, tiered, compressed oops, compressed class ptrs, g1 gc, windows-amd64)
GC Precious Log:
 CPUs: 16 total, 16 available
 Memory: 7421M
 Large Page Support: Disabled
 NUMA Support: Disabled
 Compressed Oops: Enabled (32-bit)
 Heap Region Size: 1M
 Heap Min Capacity: 8M
 Heap Initial Capacity: 116M
 Heap Max Capacity: 1856M
 Pre-touch: Disabled
 Parallel Workers: 13
 Concurrent Workers: 3
 Concurrent Refinement Workers: 13
 Periodic GC: Disabled
Heap:
 garbage-first heap   total 389120K, used 249077K [0x000000008c000000, 0x0000000100000000)
  region size 1024K, 10 young (10240K), 10 survivors (10240K)
 Metaspace       used 71486K, committed 71936K, reserved 1114112K
  class space    used 9022K, committed 9216K, reserved 1048576K
GC Heap History (20 events):
Event: 25.365 GC heap after
{Heap after GC invocations=26 (full 0):
 garbage-first heap   total 189440K, used 115656K [0x000000008c000000, 0x0000000100000000)
  region size 1024K, 1 young (1024K), 1 survivors (1024K)
 Metaspace       used 54045K, committed 54400K, reserved 1114112K
  class space    used 7046K, committed 7232K, reserved 1048576K
}
Event: 29.402 GC heap before
{Heap before GC invocations=26 (full 0):
 garbage-first heap   total 189440K, used 154568K [0x000000008c000000, 0x0000000100000000)
  region size 1024K, 40 young (40960K), 1 survivors (1024K)
 Metaspace       used 62045K, committed 62464K, reserved 1114112K
  class space    used 8100K, committed 8320K, reserved 1048576K
}
Event: 29.411 GC heap after
{Heap after GC invocations=27 (full 0):
 garbage-first heap   total 318464K, used 121651K [0x000000008c000000, 0x0000000100000000)
  region size 1024K, 5 young (5120K), 5 survivors (5120K)
 Metaspace       used 62045K, committed 62464K, reserved 1114112K
  class space    used 8100K, committed 8320K, reserved 1048576K
}
Event: 58.687 GC heap before
{Heap before GC invocations=28 (full 0):
 garbage-first heap   total 318464K, used 195379K [0x000000008c000000, 0x0000000100000000)
  region size 1024K, 78 young (79872K), 5 survivors (5120K)
 Metaspace       used 62518K, committed 62848K, reserved 1114112K
  class space    used 8141K, committed 8320K, reserved 1048576K
}
Event: 58.764 GC heap after
{Heap after GC invocations=29 (full 1):
 garbage-first heap   total 318464K, used 112010K [0x000000008c000000, 0x0000000100000000)
  region size 1024K, 0 young (0K), 0 survivors (0K)
 Metaspace       used 62518K, committed 62848K, reserved 1114112K
  class space    used 8141K, committed 8320K, reserved 1048576K
}
Event: 58.768 GC heap before
{Heap before GC invocations=29 (full 1):
 garbage-first heap   total 318464K, used 112010K [0x000000008c000000, 0x0000000100000000)
  region size 1024K, 1 young (1024K), 0 survivors (0K)
 Metaspace       used 62518K, committed 62848K, reserved 1114112K
  class space    used 8141K, committed 8320K, reserved 1048576K
}
Event: 58.820 GC heap after
{Heap after GC invocations=30 (full 2):
 garbage-first heap   total 318464K, used 112010K [0x000000008c000000, 0x0000000100000000)
  region size 1024K, 0 young (0K), 0 survivors (0K)
 Metaspace       used 62518K, committed 62848K, reserved 1114112K
  class space    used 8141K, committed 8320K, reserved 1048576K
}
Event: 61.224 GC heap before
{Heap before GC invocations=30 (full 2):
 garbage-first heap   total 318464K, used 230794K [0x000000008c000000, 0x0000000100000000)
  region size 1024K, 116 young (118784K), 0 survivors (0K)
 Metaspace       used 64949K, committed 65344K, reserved 1114112K
  class space    used 8398K, committed 8576K, reserved 1048576K
}
Event: 61.247 GC heap after
{Heap after GC invocations=31 (full 2):
 garbage-first heap   total 318464K, used 148799K [0x000000008c000000, 0x0000000100000000)
  region size 1024K, 15 young (15360K), 15 survivors (15360K)
 Metaspace       used 64949K, committed 65344K, reserved 1114112K
  class space    used 8398K, committed 8576K, reserved 1048576K
}
Event: 62.542 GC heap before
{Heap before GC invocations=31 (full 2):
 garbage-first heap   total 318464K, used 211263K [0x000000008c000000, 0x0000000100000000)
  region size 1024K, 78 young (79872K), 15 survivors (15360K)
 Metaspace       used 68766K, committed 69184K, reserved 1114112K
  class space    used 8820K, committed 9024K, reserved 1048576K
}
Event: 62.627 GC heap after
{Heap after GC invocations=32 (full 3):
 garbage-first heap   total 318464K, used 168898K [0x000000008c000000, 0x0000000100000000)
  region size 1024K, 0 young (0K), 0 survivors (0K)
 Metaspace       used 68766K, committed 69184K, reserved 1114112K
  class space    used 8820K, committed 9024K, reserved 1048576K
}
Event: 63.849 GC heap before
{Heap before GC invocations=32 (full 3):
 garbage-first heap   total 318464K, used 237506K [0x000000008c000000, 0x0000000100000000)
  region size 1024K, 68 young (69632K), 0 survivors (0K)
 Metaspace       used 70822K, committed 71296K, reserved 1114112K
  class space    used 9012K, committed 9216K, reserved 1048576K
}
Event: 63.872 GC heap after
{Heap after GC invocations=33 (full 3):
 garbage-first heap   total 318464K, used 205961K [0x000000008c000000, 0x0000000100000000)
  region size 1024K, 9 young (9216K), 9 survivors (9216K)
 Metaspace       used 70822K, committed 71296K, reserved 1114112K
  class space    used 9012K, committed 9216K, reserved 1048576K
}
Event: 64.242 GC heap before
{Heap before GC invocations=33 (full 3):
 garbage-first heap   total 318464K, used 243849K [0x000000008c000000, 0x0000000100000000)
  region size 1024K, 47 young (48128K), 9 survivors (9216K)
 Metaspace       used 71075K, committed 71488K, reserved 1114112K
  class space    used 9014K, committed 9216K, reserved 1048576K
}
Event: 64.253 GC heap after
{Heap after GC invocations=34 (full 3):
 garbage-first heap   total 318464K, used 218508K [0x000000008c000000, 0x0000000100000000)
  region size 1024K, 6 young (6144K), 6 survivors (6144K)
 Metaspace       used 71075K, committed 71488K, reserved 1114112K
  class space    used 9014K, committed 9216K, reserved 1048576K
}
Event: 64.646 GC heap before
{Heap before GC invocations=35 (full 3):
 garbage-first heap   total 389120K, used 249228K [0x000000008c000000, 0x0000000100000000)
  region size 1024K, 38 young (38912K), 6 survivors (6144K)
 Metaspace       used 71214K, committed 71616K, reserved 1114112K
  class space    used 9015K, committed 9216K, reserved 1048576K
}
Event: 64.655 GC heap after
{Heap after GC invocations=36 (full 3):
 garbage-first heap   total 389120K, used 226587K [0x000000008c000000, 0x0000000100000000)
  region size 1024K, 5 young (5120K), 5 survivors (5120K)
 Metaspace       used 71214K, committed 71616K, reserved 1114112K
  class space    used 9015K, committed 9216K, reserved 1048576K
}
Event: 64.782 GC heap before
{Heap before GC invocations=36 (full 3):
 garbage-first heap   total 389120K, used 239899K [0x000000008c000000, 0x0000000100000000)
  region size 1024K, 19 young (19456K), 5 survivors (5120K)
 Metaspace       used 71259K, committed 71680K, reserved 1114112K
  class space    used 9017K, committed 9216K, reserved 1048576K
}
Event: 64.788 GC heap after
{Heap after GC invocations=37 (full 3):
 garbage-first heap   total 389120K, used 223495K [0x000000008c000000, 0x0000000100000000)
  region size 1024K, 3 young (3072K), 3 survivors (3072K)
 Metaspace       used 71259K, committed 71680K, reserved 1114112K
  class space    used 9017K, committed 9216K, reserved 1048576K
}
Event: 65.377 GC heap before
{Heap before GC invocations=37 (full 3):
 garbage-first heap   total 389120K, used 294151K [0x000000008c000000, 0x0000000100000000)
  region size 1024K, 73 young (74752K), 3 survivors (3072K)
 Metaspace       used 71486K, committed 71936K, reserved 1114112K
  class space    used 9022K, committed 9216K, reserved 1048576K
}

