# JRE version: OpenJDK Runtime Environment Microsoft-11926163 (17.0.16+8) (build 17.0.16+8-LTS)
# Java VM: OpenJDK 64-Bit Server VM Microsoft-11926163 (17.0.16+8-LTS, mixed mode, sharing, tiered, compressed oops, compressed class ptrs, g1 gc, windows-amd64)
GC Precious Log:
 CPUs: 16 total, 16 available
 Memory: 7421M
 Large Page Support: Disabled
 NUMA Support: Disabled
 Compressed Oops: Enabled (32-bit)
 Heap Region Size: 1M
 Heap Min Capacity: 8M
 Heap Initial Capacity: 116M
 Heap Max Capacity: 1856M
 Pre-touch: Disabled
 Parallel Workers: 13
 Concurrent Workers: 3
 Concurrent Refinement Workers: 13
 Periodic GC: Disabled
Heap:
 garbage-first heap   total 208896K, used 121742K [0x000000008c000000, 0x0000000100000000)
  region size 1024K, 5 young (5120K), 5 survivors (5120K)
 Metaspace       used 62076K, committed 62464K, reserved 1114112K
  class space    used 8112K, committed 8320K, reserved 1048576K
GC Heap History (20 events):
Event: 12.910 GC heap after
{Heap after GC invocations=14 (full 0):
 garbage-first heap   total 178176K, used 93072K [0x000000008c000000, 0x0000000100000000)
  region size 1024K, 9 young (9216K), 9 survivors (9216K)
 Metaspace       used 29501K, committed 29696K, reserved 1114112K
  class space    used 3159K, committed 3264K, reserved 1048576K
}
Event: 15.185 GC heap before
{Heap before GC invocations=14 (full 0):
 garbage-first heap   total 178176K, used 142224K [0x000000008c000000, 0x0000000100000000)
  region size 1024K, 57 young (58368K), 9 survivors (9216K)
 Metaspace       used 33983K, committed 34304K, reserved 1114112K
  class space    used 3795K, committed 3968K, reserved 1048576K
}
Event: 15.195 GC heap after
{Heap after GC invocations=15 (full 0):
 garbage-first heap   total 178176K, used 100523K [0x000000008c000000, 0x0000000100000000)
  region size 1024K, 7 young (7168K), 7 survivors (7168K)
 Metaspace       used 33983K, committed 34304K, reserved 1114112K
  class space    used 3795K, committed 3968K, reserved 1048576K
}
Event: 16.359 GC heap before
{Heap before GC invocations=16 (full 0):
 garbage-first heap   total 178176K, used 143531K [0x000000008c000000, 0x0000000100000000)
  region size 1024K, 49 young (50176K), 7 survivors (7168K)
 Metaspace       used 36706K, committed 36864K, reserved 1114112K
  class space    used 4340K, committed 4416K, reserved 1048576K
}
Event: 16.365 GC heap after
{Heap after GC invocations=17 (full 0):
 garbage-first heap   total 178176K, used 104298K [0x000000008c000000, 0x0000000100000000)
  region size 1024K, 5 young (5120K), 5 survivors (5120K)
 Metaspace       used 36706K, committed 36864K, reserved 1114112K
  class space    used 4340K, committed 4416K, reserved 1048576K
}
Event: 16.428 GC heap before
{Heap before GC invocations=17 (full 0):
 garbage-first heap   total 178176K, used 107370K [0x000000008c000000, 0x0000000100000000)
  region size 1024K, 8 young (8192K), 5 survivors (5120K)
 Metaspace       used 36723K, committed 36928K, reserved 1114112K
  class space    used 4342K, committed 4416K, reserved 1048576K
}
Event: 16.433 GC heap after
{Heap after GC invocations=18 (full 0):
 garbage-first heap   total 178176K, used 102851K [0x000000008c000000, 0x0000000100000000)
  region size 1024K, 1 young (1024K), 1 survivors (1024K)
 Metaspace       used 36723K, committed 36928K, reserved 1114112K
  class space    used 4342K, committed 4416K, reserved 1048576K
}
Event: 18.002 GC heap before
{Heap before GC invocations=18 (full 0):
 garbage-first heap   total 178176K, used 145859K [0x000000008c000000, 0x0000000100000000)
  region size 1024K, 43 young (44032K), 1 survivors (1024K)
 Metaspace       used 39093K, committed 39360K, reserved 1114112K
  class space    used 4693K, committed 4800K, reserved 1048576K
}
Event: 18.005 GC heap after
{Heap after GC invocations=19 (full 0):
 garbage-first heap   total 178176K, used 104518K [0x000000008c000000, 0x0000000100000000)
  region size 1024K, 3 young (3072K), 3 survivors (3072K)
 Metaspace       used 39093K, committed 39360K, reserved 1114112K
  class space    used 4693K, committed 4800K, reserved 1048576K
}
Event: 18.966 GC heap before
{Heap before GC invocations=20 (full 0):
 garbage-first heap   total 181248K, used 145478K [0x000000008c000000, 0x0000000100000000)
  region size 1024K, 44 young (45056K), 3 survivors (3072K)
 Metaspace       used 46225K, committed 46592K, reserved 1114112K
  class space    used 5748K, committed 5952K, reserved 1048576K
}
Event: 18.971 GC heap after
{Heap after GC invocations=21 (full 0):
 garbage-first heap   total 181248K, used 107115K [0x000000008c000000, 0x0000000100000000)
  region size 1024K, 5 young (5120K), 5 survivors (5120K)
 Metaspace       used 46225K, committed 46592K, reserved 1114112K
  class space    used 5748K, committed 5952K, reserved 1048576K
}
Event: 19.002 GC heap before
{Heap before GC invocations=21 (full 0):
 garbage-first heap   total 181248K, used 110187K [0x000000008c000000, 0x0000000100000000)
  region size 1024K, 8 young (8192K), 5 survivors (5120K)
 Metaspace       used 46531K, committed 46848K, reserved 1114112K
  class space    used 5794K, committed 5952K, reserved 1048576K
}
Event: 19.009 GC heap after
{Heap after GC invocations=22 (full 0):
 garbage-first heap   total 181248K, used 105923K [0x000000008c000000, 0x0000000100000000)
  region size 1024K, 1 young (1024K), 1 survivors (1024K)
 Metaspace       used 46531K, committed 46848K, reserved 1114112K
  class space    used 5794K, committed 5952K, reserved 1048576K
}
Event: 19.385 GC heap before
{Heap before GC invocations=22 (full 0):
 garbage-first heap   total 181248K, used 148931K [0x000000008c000000, 0x0000000100000000)
  region size 1024K, 43 young (44032K), 1 survivors (1024K)
 Metaspace       used 48933K, committed 49280K, reserved 1114112K
  class space    used 6178K, committed 6336K, reserved 1048576K
}
Event: 19.389 GC heap after
{Heap after GC invocations=23 (full 0):
 garbage-first heap   total 181248K, used 110955K [0x000000008c000000, 0x0000000100000000)
  region size 1024K, 6 young (6144K), 6 survivors (6144K)
 Metaspace       used 48933K, committed 49280K, reserved 1114112K
  class space    used 6178K, committed 6336K, reserved 1048576K
}
Event: 20.347 GC heap before
{Heap before GC invocations=24 (full 0):
 garbage-first heap   total 191488K, used 148843K [0x000000008c000000, 0x0000000100000000)
  region size 1024K, 44 young (45056K), 6 survivors (6144K)
 Metaspace       used 54090K, committed 54464K, reserved 1114112K
  class space    used 7095K, committed 7232K, reserved 1048576K
}
Event: 20.360 GC heap after
{Heap after GC invocations=25 (full 0):
 garbage-first heap   total 191488K, used 117088K [0x000000008c000000, 0x0000000100000000)
  region size 1024K, 6 young (6144K), 6 survivors (6144K)
 Metaspace       used 54090K, committed 54464K, reserved 1114112K
  class space    used 7095K, committed 7232K, reserved 1048576K
}
Event: 20.414 GC heap before
{Heap before GC invocations=25 (full 0):
 garbage-first heap   total 191488K, used 119136K [0x000000008c000000, 0x0000000100000000)
  region size 1024K, 9 young (9216K), 6 survivors (6144K)
 Metaspace       used 54340K, committed 54720K, reserved 1114112K
  class space    used 7140K, committed 7296K, reserved 1048576K
}
Event: 20.418 GC heap after
{Heap after GC invocations=26 (full 0):
 garbage-first heap   total 191488K, used 116765K [0x000000008c000000, 0x0000000100000000)
  region size 1024K, 2 young (2048K), 2 survivors (2048K)
 Metaspace       used 54340K, committed 54720K, reserved 1114112K
  class space    used 7140K, committed 7296K, reserved 1048576K
}
Event: 24.876 GC heap before
{Heap before GC invocations=26 (full 0):
 garbage-first heap   total 191488K, used 154653K [0x000000008c000000, 0x0000000100000000)
  region size 1024K, 40 young (40960K), 2 survivors (2048K)
 Metaspace       used 62076K, committed 62464K, reserved 1114112K
  class space    used 8112K, committed 8320K, reserved 1048576K
}

